  task1.cpp
C:\Users\serge\OneDrive\Документы\GitHub\Tarasov_Sergey_LABS_PSTU_RIS_22_1b\class_laba11\task1\task1.cpp(42,8): warning C4244: инициализация: преобразование "_Ty" в "int", возможна потеря данных
          with
          [
              _Ty=double
          ]
C:\Users\serge\OneDrive\Документы\GitHub\Tarasov_Sergey_LABS_PSTU_RIS_22_1b\class_laba11\task1\task1.cpp(47,11): warning C4244: =: преобразование "_Ty" в "int", возможна потеря данных
          with
          [
              _Ty=double
          ]
C:\Users\serge\OneDrive\Документы\GitHub\Tarasov_Sergey_LABS_PSTU_RIS_22_1b\class_laba11\task1\task1.cpp(59,8): warning C4244: инициализация: преобразование "_Ty" в "int", возможна потеря данных
          with
          [
              _Ty=double
          ]
C:\Users\serge\OneDrive\Документы\GitHub\Tarasov_Sergey_LABS_PSTU_RIS_22_1b\class_laba11\task1\task1.cpp(65,11): warning C4244: =: преобразование "_Ty" в "int", возможна потеря данных
          with
          [
              _Ty=double
          ]
C:\Users\serge\OneDrive\Документы\GitHub\Tarasov_Sergey_LABS_PSTU_RIS_22_1b\class_laba11\task1\task1.cpp(95,1): warning C4326: возвращаемый тип "main" должен быть "int", а не "void"
  task1.vcxproj -> C:\Users\serge\OneDrive\Документы\GitHub\Tarasov_Sergey_LABS_PSTU_RIS_22_1b\class_laba11\task1\x64\Debug\task1.exe
